fsck from util-linux 2.20.1
/dev/sda1: clean, 198777/786432 files, 972987/3145472 blocks
 * Starting mDNS/DNS-SD daemon[74G[ OK ]
 * Starting Reload cups, upon starting avahi-daemon to make sure remote queues are populated[74G[ OK ]
 * Starting Reload cups, upon starting avahi-daemon to make sure remote queues are populated[74G[[31mfail[39;49m]
 * Starting bluetooth daemon[74G[ OK ]
 * Starting configure network device security[74G[ OK ]
 * Starting Mount network filesystems[74G[ OK ]
 * Starting Failsafe Boot Delay[74G[ OK ]
 * Stopping Mount network filesystems[74G[ OK ]
 * Starting configure network device[74G[ OK ]
 * Stopping Failsafe Boot Delay[74G[ OK ]
 * Starting System V initialisation compatibility[74G[ OK ]
 * Starting modem connection manager[74G[ OK ]
 * Starting configure network device security[74G[ OK ]
 * Starting network connection manager[74G[ OK ]
Skipping profile in /etc/apparmor.d/disable: usr.bin.firefox
Skipping profile in /etc/apparmor.d/disable: usr.sbin.rsyslogd
 * Starting Bridge socket events into upstart[74G[ OK ]
 * Starting AppArmor profiles       [80G [74G[ OK ]
speech-dispatcher disabled; edit /etc/default/speech-dispatcher
saned disabled; edit /etc/default/saned
 * Stopping System V initialisation compatibility[74G[ OK ]
 * Starting System V runlevel compatibility[74G[ OK ]
 * Starting [74G[ OK ]
 * Starting automatic crash report generation[74G[ OK ]
 * Starting [74G[ OK ]
 * Starting cups-browsed - Bonjour remote printer browsing daemon[74G[ OK ]
 * Starting [74G[ OK ]
 * Starting [74G[ OK ]
 * Starting save kernel messages[74G[ OK ]
 * Starting [74G[ OK ]
 * Starting configure network device security[74G[ OK ]
 * Starting anac(h)ronistic cron[74G[ OK ]
 * Starting ACPI daemon[74G[ OK ]
 * Starting regular background program processing daemon[74G[ OK ]
 * Stopping anac(h)ronistic cron[74G[ OK ]
 * Starting CPU interrupts balancing daemon[74G[ OK ]
 * Stopping save kernel messages[74G[ OK ]
 * Starting crash report submission daemon[74G[ OK ]
 * Starting configure virtual network devices[74G[ OK ]
 * Starting CUPS printing spooler/server[74G[ OK ]
 * Starting anac(h)ronistic cron[74G[ OK ]
 * Stopping anac(h)ronistic cron[74G[ OK ]
 * Checking battery state...       [80G [74G[ OK ]
 * Stopping System V runlevel compatibility[74G[ OK ]
 * Starting [74G[ OK ]
 * Starting [74G[ OK ]
 * Stopping [74G[ OK ]
