Login       Failures Maximum Latest                   On

root            0        0   12/31/69 19:00:00 -0500  
daemon          0        0   12/31/69 19:00:00 -0500  
bin             0        0   12/31/69 19:00:00 -0500  
sys             0        0   12/31/69 19:00:00 -0500  
sync            0        0   12/31/69 19:00:00 -0500  
games           0        0   12/31/69 19:00:00 -0500  
man             0        0   12/31/69 19:00:00 -0500  
lp              0        0   12/31/69 19:00:00 -0500  
mail            0        0   12/31/69 19:00:00 -0500  
news            0        0   12/31/69 19:00:00 -0500  
uucp            0        0   12/31/69 19:00:00 -0500  
proxy           0        0   12/31/69 19:00:00 -0500  
www-data        0        0   12/31/69 19:00:00 -0500  
backup          0        0   12/31/69 19:00:00 -0500  
list            0        0   12/31/69 19:00:00 -0500  
irc             0        0   12/31/69 19:00:00 -0500  
gnats           0        0   12/31/69 19:00:00 -0500  
nobody          0        0   12/31/69 19:00:00 -0500  
libuuid         0        0   12/31/69 19:00:00 -0500  
syslog          0        0   12/31/69 19:00:00 -0500  
messagebus       0        0   12/31/69 19:00:00 -0500  
avahi-autoipd       0        0   12/31/69 19:00:00 -0500  
usbmux          0        0   12/31/69 19:00:00 -0500  
dnsmasq         0        0   12/31/69 19:00:00 -0500  
whoopsie        0        0   12/31/69 19:00:00 -0500  
kernoops        0        0   12/31/69 19:00:00 -0500  
rtkit           0        0   12/31/69 19:00:00 -0500  
speech-dispatcher       0        0   12/31/69 19:00:00 -0500  
lightdm         0        0   12/31/69 19:00:00 -0500  
avahi           0        0   12/31/69 19:00:00 -0500  
colord          0        0   12/31/69 19:00:00 -0500  
pulse           0        0   12/31/69 19:00:00 -0500  
hplip           0        0   12/31/69 19:00:00 -0500  
saned           0        0   12/31/69 19:00:00 -0500  
fstakem         0        0   12/31/69 19:00:00 -0500  
sshd            0        0   12/31/69 19:00:00 -0500  
